<?xml version="1.0" encoding="UTF-8"?>
<testng-results skipped="0" failed="0" ignored="0" total="1" passed="1">
  <reporter-output>
  </reporter-output>
  <suite name="Default suite" duration-ms="1973" started-at="2021-01-03T06:52:21Z" finished-at="2021-01-03T06:52:23Z">
    <groups>
    </groups>
    <test name="Default test" duration-ms="1973" started-at="2021-01-03T06:52:21Z" finished-at="2021-01-03T06:52:23Z">
      <class name="testCases.Read_Single_Local_Product_Validate_DB">
        <test-method status="PASS" signature="read_Single_Local_Product()[pri:0, instance:testCases.Read_Single_Local_Product_Validate_DB@161b062a]" name="read_Single_Local_Product" duration-ms="1957" started-at="2021-01-03T06:52:21Z" finished-at="2021-01-03T06:52:23Z">
          <reporter-output>
          </reporter-output>
        </test-method> <!-- read_Single_Local_Product -->
      </class> <!-- testCases.Read_Single_Local_Product_Validate_DB -->
    </test> <!-- Default test -->
  </suite> <!-- Default suite -->
</testng-results>
